#
# A fatal error has been detected by the Java Runtime Environment:
#
#  Internal Error (t:/workspace/open/src/hotspot/share/runtime/vmThread.cpp:727), pid=8764, tid=6788
#  fatal error: Nested VM operation CollectForMetadataAllocation requested by operation ChangeBreakpoints
#
# JRE version: Java(TM) SE Runtime Environment (13.0.2+8) (build 13.0.2+8)
# Java VM: Java HotSpot(TM) 64-Bit Server VM (13.0.2+8, mixed mode, sharing, tiered, compressed oops, g1 gc, windows-amd64)
# No core dump will be written. Minidumps are not enabled by default on client versions of Windows
#
# If you would like to submit a bug report, please visit:
#   http://bugreport.java.com/bugreport/crash.jsp
#

---------------  S U M M A R Y ------------

Command Line: -agentlib:jdwp=transport=dt_socket,server=n,suspend=y,address=55230 -Dfile.encoding=windows-1252 -Duser.country=US -Duser.language=en -Duser.variant com.finartz.airplanereservations.demo.DemoApplication

Host: Intel(R) Core(TM) i7-4720HQ CPU @ 2.60GHz, 8 cores, 11G,  Windows 10 , 64 bit Build 18362 (10.0.18362.900)
Time: Sun Jun 28 23:10:43 2020 Turkey Standard Time elapsed time: 2 seconds (0d 0h 0m 2s)

---------------  T H R E A D  ---------------

Current thread (0x000002534c077800):  VMThread "VM Thread" [stack: 0x000000dd8fb00000,0x000000dd8fc00000] [id=6788]

Stack: [0x000000dd8fb00000,0x000000dd8fc00000]
[error occurred during error reporting (printing stack bounds), id 0xc0000005, EXCEPTION_ACCESS_VIOLATION (0xc0000005) at pc=0x00000253328a10ad]

Native frames: (J=compiled Java code, j=interpreted, Vv=VM code, C=native code)
V  [jvm.dll+0x624f9a]
V  [jvm.dll+0x770cfa]
V  [jvm.dll+0x7724af]
V  [jvm.dll+0x772a15]
V  [jvm.dll+0x7729cb]
V  [jvm.dll+0x6244df]
C  [ntdll.dll+0x785b6]
C  [ntdll.dll+0x6a056]
C  [ntdll.dll+0x9fe3e]
C  0x00000253328a10ad

VM_Operation (0x000000dd903ff4b0): ChangeBreakpoints, mode: safepoint, requested by thread 0x000002534c204000


---------------  P R O C E S S  ---------------

Threads class SMR info:
_java_thread_list=0x000002534d87be10, length=17, elements={
0x000002532a3b0000, 0x000002534c07a800, 0x000002534c07d800, 0x000002534c098800,
0x000002534c09b000, 0x000002534c09e000, 0x000002534c0a1000, 0x000002534c0ac000,
0x000002534c204000, 0x000002534c205800, 0x000002534c208800, 0x000002534c217800,
0x000002534c22b000, 0x000002534c2c7000, 0x000002534caf9800, 0x000002534caf4000,
0x000002534d40e000
}

Java Threads: ( => current thread )
  0x000002532a3b0000 JavaThread "main" [_thread_blocked, id=12108, stack(0x000000dd8f500000,0x000000dd8f600000)]
  0x000002534c07a800 JavaThread "Reference Handler" daemon [_thread_blocked, id=23072, stack(0x000000dd8fc00000,0x000000dd8fd00000)]
  0x000002534c07d800 JavaThread "Finalizer" daemon [_thread_blocked, id=14108, stack(0x000000dd8fd00000,0x000000dd8fe00000)]
  0x000002534c098800 JavaThread "Signal Dispatcher" daemon [_thread_blocked, id=11532, stack(0x000000dd8fe00000,0x000000dd8ff00000)]
  0x000002534c09b000 JavaThread "Attach Listener" daemon [_thread_blocked, id=14000, stack(0x000000dd8ff00000,0x000000dd90000000)]
  0x000002534c09e000 JavaThread "C2 CompilerThread0" daemon [_thread_in_native, id=21292, stack(0x000000dd90000000,0x000000dd90100000)]
  0x000002534c0a1000 JavaThread "C1 CompilerThread0" daemon [_thread_blocked, id=14696, stack(0x000000dd90100000,0x000000dd90200000)]
  0x000002534c0ac000 JavaThread "Sweeper thread" daemon [_thread_blocked, id=21232, stack(0x000000dd90200000,0x000000dd90300000)]
  0x000002534c204000 JavaThread "JDWP Transport Listener: dt_socket" daemon [_thread_blocked, id=15936, stack(0x000000dd90300000,0x000000dd90400000)]
  0x000002534c205800 JavaThread "JDWP Event Helper Thread" daemon [_thread_blocked, id=9440, stack(0x000000dd90400000,0x000000dd90500000)]
  0x000002534c208800 JavaThread "JDWP Command Reader" daemon [_thread_in_native, id=4660, stack(0x000000dd90500000,0x000000dd90600000)]
  0x000002534c217800 JavaThread "Service Thread" daemon [_thread_blocked, id=2928, stack(0x000000dd90600000,0x000000dd90700000)]
  0x000002534c22b000 JavaThread "Common-Cleaner" daemon [_thread_blocked, id=15584, stack(0x000000dd90800000,0x000000dd90900000)]
  0x000002534c2c7000 JavaThread "C2 CompilerThread1" daemon [_thread_in_native, id=8344, stack(0x000000dd90900000,0x000000dd90a00000)]
  0x000002534caf9800 JavaThread "Thread-0" [_thread_blocked, id=24232, stack(0x000000dd90d00000,0x000000dd90e00000)]
  0x000002534caf4000 JavaThread "restartedMain" [_thread_blocked, id=21224, stack(0x000000dd90e00000,0x000000dd90f00000)]
  0x000002534d40e000 JavaThread "C2 CompilerThread2" daemon [_thread_in_native, id=6376, stack(0x000000dd90f00000,0x000000dd91000000)]

Other Threads:
=>0x000002534c077800 VMThread "VM Thread" [stack: 0x000000dd8fb00000,0x000000dd8fc00000] [id=6788]
  0x000002534c221800 WatcherThread [stack: 0x000000dd90700000,0x000000dd90800000] [id=24064]
  0x000002532a407000 GCTaskThread "GC Thread#0" [stack: 0x000000dd8f600000,0x000000dd8f700000] [id=19844]
  0x000002534ce32000 GCTaskThread "GC Thread#1" [stack: 0x000000dd90a00000,0x000000dd90b00000] [id=5712]
  0x000002534ce6d000 GCTaskThread "GC Thread#2" [stack: 0x000000dd90b00000,0x000000dd90c00000] [id=18556]
  0x000002534cb63800 GCTaskThread "GC Thread#3" [stack: 0x000000dd90c00000,0x000000dd90d00000] [id=18676]
  0x000002534d18c000 GCTaskThread "GC Thread#4" [stack: 0x000000dd91000000,0x000000dd91100000] [id=18876]
  0x000002534cf6a800 GCTaskThread "GC Thread#5" [stack: 0x000000dd91100000,0x000000dd91200000] [id=22396]
  0x000002534d916000 GCTaskThread "GC Thread#6" [stack: 0x000000dd91200000,0x000000dd91300000] [id=22720]
  0x000002534d131800 GCTaskThread "GC Thread#7" [stack: 0x000000dd91300000,0x000000dd91400000] [id=19860]
  0x000002532a420800 ConcurrentGCThread "G1 Main Marker" [stack: 0x000000dd8f700000,0x000000dd8f800000] [id=18228]
  0x000002532a422000 ConcurrentGCThread "G1 Conc#0" [stack: 0x000000dd8f800000,0x000000dd8f900000] [id=4276]
  0x000002534b6ef800 ConcurrentGCThread "G1 Refine#0" [stack: 0x000000dd8f900000,0x000000dd8fa00000] [id=8196]
  0x000002534b6f0800 ConcurrentGCThread "G1 Young RemSet Sampling" [stack: 0x000000dd8fa00000,0x000000dd8fb00000] [id=3332]

Threads with active compile tasks:
C2 CompilerThread0     2497 2818       4       org.springframework.core.ResolvableType::resolveClass (73 bytes)
C2 CompilerThread1     2497 2700   !   4       jdk.internal.loader.BuiltinClassLoader::loadClassOrNull (143 bytes)
C2 CompilerThread2     2497 2785       4       org.springframework.core.ResolvableType::forType (115 bytes)

VM state:at safepoint (normal execution)

VM Mutex/Monitor currently owned by a thread:  ([mutex/lock_event])
[0x000002532a3abed0] Threads_lock - owner thread: 0x000002534c077800

Heap address: 0x0000000741a00000, size: 3046 MB, Compressed Oops mode: Zero based, Oop shift amount: 3
Narrow klass base: 0x0000000800000000, Narrow klass shift: 3
Compressed class space size: 1073741824 Address: 0x0000000800b40000

Heap:
 garbage-first heap   total 196608K, used 29762K [0x0000000741a00000, 0x0000000800000000)
  region size 1024K, 27 young (27648K), 7 survivors (7168K)
 Metaspace       used 20456K, capacity 21160K, committed 21248K, reserved 1067008K
  class space    used 2497K, capacity 2748K, committed 2816K, reserved 1048576K
Heap Regions: E=young(eden), S=young(survivor), O=old, HS=humongous(starts), HC=humongous(continues), CS=collection set, F=free, A=archive, TAMS=top-at-mark-start (previous, next)
|   0|0x0000000741a00000, 0x0000000741b00000, 0x0000000741b00000|100%|HS|  |TAMS 0x0000000741a00000, 0x0000000741a00000| Complete 
|   1|0x0000000741b00000, 0x0000000741c00000, 0x0000000741c00000|100%| O|  |TAMS 0x0000000741b00000, 0x0000000741b00000| Untracked 
|   2|0x0000000741c00000, 0x0000000741d00000, 0x0000000741d00000|100%| O|  |TAMS 0x0000000741c00000, 0x0000000741c00000| Untracked 
|   3|0x0000000741d00000, 0x0000000741d4ec00, 0x0000000741e00000| 30%| O|  |TAMS 0x0000000741d00000, 0x0000000741d00000| Untracked 
|   4|0x0000000741e00000, 0x0000000741e00000, 0x0000000741f00000|  0%| F|  |TAMS 0x0000000741e00000, 0x0000000741e00000| Untracked 
|   5|0x0000000741f00000, 0x0000000741f00000, 0x0000000742000000|  0%| F|  |TAMS 0x0000000741f00000, 0x0000000741f00000| Untracked 
|   6|0x0000000742000000, 0x0000000742000000, 0x0000000742100000|  0%| F|  |TAMS 0x0000000742000000, 0x0000000742000000| Untracked 
|   7|0x0000000742100000, 0x0000000742100000, 0x0000000742200000|  0%| F|  |TAMS 0x0000000742100000, 0x0000000742100000| Untracked 
|   8|0x0000000742200000, 0x0000000742200000, 0x0000000742300000|  0%| F|  |TAMS 0x0000000742200000, 0x0000000742200000| Untracked 
|   9|0x0000000742300000, 0x0000000742300000, 0x0000000742400000|  0%| F|  |TAMS 0x0000000742300000, 0x0000000742300000| Untracked 
|  10|0x0000000742400000, 0x0000000742400000, 0x0000000742500000|  0%| F|  |TAMS 0x0000000742400000, 0x0000000742400000| Untracked 
|  11|0x0000000742500000, 0x0000000742500000, 0x0000000742600000|  0%| F|  |TAMS 0x0000000742500000, 0x0000000742500000| Untracked 
|  12|0x0000000742600000, 0x0000000742600000, 0x0000000742700000|  0%| F|  |TAMS 0x0000000742600000, 0x0000000742600000| Untracked 
|  13|0x0000000742700000, 0x0000000742700000, 0x0000000742800000|  0%| F|  |TAMS 0x0000000742700000, 0x0000000742700000| Untracked 
|  14|0x0000000742800000, 0x0000000742800000, 0x0000000742900000|  0%| F|  |TAMS 0x0000000742800000, 0x0000000742800000| Untracked 
|  15|0x0000000742900000, 0x0000000742900000, 0x0000000742a00000|  0%| F|  |TAMS 0x0000000742900000, 0x0000000742900000| Untracked 
|  16|0x0000000742a00000, 0x0000000742a00000, 0x0000000742b00000|  0%| F|  |TAMS 0x0000000742a00000, 0x0000000742a00000| Untracked 
|  17|0x0000000742b00000, 0x0000000742b00000, 0x0000000742c00000|  0%| F|  |TAMS 0x0000000742b00000, 0x0000000742b00000| Untracked 
|  18|0x0000000742c00000, 0x0000000742c00000, 0x0000000742d00000|  0%| F|  |TAMS 0x0000000742c00000, 0x0000000742c00000| Untracked 
|  19|0x0000000742d00000, 0x0000000742d00000, 0x0000000742e00000|  0%| F|  |TAMS 0x0000000742d00000, 0x0000000742d00000| Untracked 
|  20|0x0000000742e00000, 0x0000000742e00000, 0x0000000742f00000|  0%| F|  |TAMS 0x0000000742e00000, 0x0000000742e00000| Untracked 
|  21|0x0000000742f00000, 0x0000000742f00000, 0x0000000743000000|  0%| F|  |TAMS 0x0000000742f00000, 0x0000000742f00000| Untracked 
|  22|0x0000000743000000, 0x0000000743000000, 0x0000000743100000|  0%| F|  |TAMS 0x0000000743000000, 0x0000000743000000| Untracked 
|  23|0x0000000743100000, 0x0000000743100000, 0x0000000743200000|  0%| F|  |TAMS 0x0000000743100000, 0x0000000743100000| Untracked 
|  24|0x0000000743200000, 0x0000000743200000, 0x0000000743300000|  0%| F|  |TAMS 0x0000000743200000, 0x0000000743200000| Untracked 
|  25|0x0000000743300000, 0x0000000743300000, 0x0000000743400000|  0%| F|  |TAMS 0x0000000743300000, 0x0000000743300000| Untracked 
|  26|0x0000000743400000, 0x0000000743400000, 0x0000000743500000|  0%| F|  |TAMS 0x0000000743400000, 0x0000000743400000| Untracked 
|  27|0x0000000743500000, 0x0000000743500000, 0x0000000743600000|  0%| F|  |TAMS 0x0000000743500000, 0x0000000743500000| Untracked 
|  28|0x0000000743600000, 0x0000000743600000, 0x0000000743700000|  0%| F|  |TAMS 0x0000000743600000, 0x0000000743600000| Untracked 
|  29|0x0000000743700000, 0x0000000743700000, 0x0000000743800000|  0%| F|  |TAMS 0x0000000743700000, 0x0000000743700000| Untracked 
|  30|0x0000000743800000, 0x0000000743800000, 0x0000000743900000|  0%| F|  |TAMS 0x0000000743800000, 0x0000000743800000| Untracked 
|  31|0x0000000743900000, 0x0000000743900000, 0x0000000743a00000|  0%| F|  |TAMS 0x0000000743900000, 0x0000000743900000| Untracked 
|  32|0x0000000743a00000, 0x0000000743a00000, 0x0000000743b00000|  0%| F|  |TAMS 0x0000000743a00000, 0x0000000743a00000| Untracked 
|  33|0x0000000743b00000, 0x0000000743b00000, 0x0000000743c00000|  0%| F|  |TAMS 0x0000000743b00000, 0x0000000743b00000| Untracked 
|  34|0x0000000743c00000, 0x0000000743c00000, 0x0000000743d00000|  0%| F|  |TAMS 0x0000000743c00000, 0x0000000743c00000| Untracked 
|  35|0x0000000743d00000, 0x0000000743d00000, 0x0000000743e00000|  0%| F|  |TAMS 0x0000000743d00000, 0x0000000743d00000| Untracked 
|  36|0x0000000743e00000, 0x0000000743e00000, 0x0000000743f00000|  0%| F|  |TAMS 0x0000000743e00000, 0x0000000743e00000| Untracked 
|  37|0x0000000743f00000, 0x0000000743f00000, 0x0000000744000000|  0%| F|  |TAMS 0x0000000743f00000, 0x0000000743f00000| Untracked 
|  38|0x0000000744000000, 0x0000000744000000, 0x0000000744100000|  0%| F|  |TAMS 0x0000000744000000, 0x0000000744000000| Untracked 
|  39|0x0000000744100000, 0x0000000744100000, 0x0000000744200000|  0%| F|  |TAMS 0x0000000744100000, 0x0000000744100000| Untracked 
|  40|0x0000000744200000, 0x0000000744200000, 0x0000000744300000|  0%| F|  |TAMS 0x0000000744200000, 0x0000000744200000| Untracked 
|  41|0x0000000744300000, 0x0000000744300000, 0x0000000744400000|  0%| F|  |TAMS 0x0000000744300000, 0x0000000744300000| Untracked 
|  42|0x0000000744400000, 0x0000000744400000, 0x0000000744500000|  0%| F|  |TAMS 0x0000000744400000, 0x0000000744400000| Untracked 
|  43|0x0000000744500000, 0x0000000744500000, 0x0000000744600000|  0%| F|  |TAMS 0x0000000744500000, 0x0000000744500000| Untracked 
|  44|0x0000000744600000, 0x0000000744600000, 0x0000000744700000|  0%| F|  |TAMS 0x0000000744600000, 0x0000000744600000| Untracked 
|  45|0x0000000744700000, 0x0000000744700000, 0x0000000744800000|  0%| F|  |TAMS 0x0000000744700000, 0x0000000744700000| Untracked 
|  46|0x0000000744800000, 0x0000000744800000, 0x0000000744900000|  0%| F|  |TAMS 0x0000000744800000, 0x0000000744800000| Untracked 
|  47|0x0000000744900000, 0x0000000744900000, 0x0000000744a00000|  0%| F|  |TAMS 0x0000000744900000, 0x0000000744900000| Untracked 
|  48|0x0000000744a00000, 0x0000000744a00000, 0x0000000744b00000|  0%| F|  |TAMS 0x0000000744a00000, 0x0000000744a00000| Untracked 
|  49|0x0000000744b00000, 0x0000000744b00000, 0x0000000744c00000|  0%| F|  |TAMS 0x0000000744b00000, 0x0000000744b00000| Untracked 
|  50|0x0000000744c00000, 0x0000000744c00000, 0x0000000744d00000|  0%| F|  |TAMS 0x0000000744c00000, 0x0000000744c00000| Untracked 
|  51|0x0000000744d00000, 0x0000000744d00000, 0x0000000744e00000|  0%| F|  |TAMS 0x0000000744d00000, 0x0000000744d00000| Untracked 
|  52|0x0000000744e00000, 0x0000000744e00000, 0x0000000744f00000|  0%| F|  |TAMS 0x0000000744e00000, 0x0000000744e00000| Untracked 
|  53|0x0000000744f00000, 0x0000000744f00000, 0x0000000745000000|  0%| F|  |TAMS 0x0000000744f00000, 0x0000000744f00000| Untracked 
|  54|0x0000000745000000, 0x0000000745000000, 0x0000000745100000|  0%| F|  |TAMS 0x0000000745000000, 0x0000000745000000| Untracked 
|  55|0x0000000745100000, 0x0000000745100000, 0x0000000745200000|  0%| F|  |TAMS 0x0000000745100000, 0x0000000745100000| Untracked 
|  56|0x0000000745200000, 0x0000000745200000, 0x0000000745300000|  0%| F|  |TAMS 0x0000000745200000, 0x0000000745200000| Untracked 
|  57|0x0000000745300000, 0x0000000745300000, 0x0000000745400000|  0%| F|  |TAMS 0x0000000745300000, 0x0000000745300000| Untracked 
|  58|0x0000000745400000, 0x0000000745400000, 0x0000000745500000|  0%| F|  |TAMS 0x0000000745400000, 0x0000000745400000| Untracked 
|  59|0x0000000745500000, 0x0000000745500000, 0x0000000745600000|  0%| F|  |TAMS 0x0000000745500000, 0x0000000745500000| Untracked 
|  60|0x0000000745600000, 0x0000000745600000, 0x0000000745700000|  0%| F|  |TAMS 0x0000000745600000, 0x0000000745600000| Untracked 
|  61|0x0000000745700000, 0x0000000745700000, 0x0000000745800000|  0%| F|  |TAMS 0x0000000745700000, 0x0000000745700000| Untracked 
|  62|0x0000000745800000, 0x0000000745800000, 0x0000000745900000|  0%| F|  |TAMS 0x0000000745800000, 0x0000000745800000| Untracked 
|  63|0x0000000745900000, 0x0000000745900000, 0x0000000745a00000|  0%| F|  |TAMS 0x0000000745900000, 0x0000000745900000| Untracked 
|  64|0x0000000745a00000, 0x0000000745a00000, 0x0000000745b00000|  0%| F|  |TAMS 0x0000000745a00000, 0x0000000745a00000| Untracked 
|  65|0x0000000745b00000, 0x0000000745b00000, 0x0000000745c00000|  0%| F|  |TAMS 0x0000000745b00000, 0x0000000745b00000| Untracked 
|  66|0x0000000745c00000, 0x0000000745c00000, 0x0000000745d00000|  0%| F|  |TAMS 0x0000000745c00000, 0x0000000745c00000| Untracked 
|  67|0x0000000745d00000, 0x0000000745d00000, 0x0000000745e00000|  0%| F|  |TAMS 0x0000000745d00000, 0x0000000745d00000| Untracked 
|  68|0x0000000745e00000, 0x0000000745e00000, 0x0000000745f00000|  0%| F|  |TAMS 0x0000000745e00000, 0x0000000745e00000| Untracked 
|  69|0x0000000745f00000, 0x0000000745f00000, 0x0000000746000000|  0%| F|  |TAMS 0x0000000745f00000, 0x0000000745f00000| Untracked 
|  70|0x0000000746000000, 0x00000007460c1ec0, 0x0000000746100000| 75%| S|CS|TAMS 0x0000000746000000, 0x0000000746000000| Complete 
|  71|0x0000000746100000, 0x0000000746100000, 0x0000000746200000|  0%| F|  |TAMS 0x0000000746100000, 0x0000000746100000| Untracked 
|  72|0x0000000746200000, 0x0000000746200000, 0x0000000746300000|  0%| F|  |TAMS 0x0000000746200000, 0x0000000746200000| Untracked 
|  73|0x0000000746300000, 0x0000000746300000, 0x0000000746400000|  0%| F|  |TAMS 0x0000000746300000, 0x0000000746300000| Untracked 
|  74|0x0000000746400000, 0x0000000746400000, 0x0000000746500000|  0%| F|  |TAMS 0x0000000746400000, 0x0000000746400000| Untracked 
|  75|0x0000000746500000, 0x0000000746500000, 0x0000000746600000|  0%| F|  |TAMS 0x0000000746500000, 0x0000000746500000| Untracked 
|  76|0x0000000746600000, 0x0000000746600000, 0x0000000746700000|  0%| F|  |TAMS 0x0000000746600000, 0x0000000746600000| Untracked 
|  77|0x0000000746700000, 0x0000000746800000, 0x0000000746800000|100%| S|CS|TAMS 0x0000000746700000, 0x0000000746700000| Complete 
|  78|0x0000000746800000, 0x0000000746900000, 0x0000000746900000|100%| S|CS|TAMS 0x0000000746800000, 0x0000000746800000| Complete 
|  79|0x0000000746900000, 0x0000000746a00000, 0x0000000746a00000|100%| S|CS|TAMS 0x0000000746900000, 0x0000000746900000| Complete 
|  80|0x0000000746a00000, 0x0000000746b00000, 0x0000000746b00000|100%| S|CS|TAMS 0x0000000746a00000, 0x0000000746a00000| Complete 
|  81|0x0000000746b00000, 0x0000000746c00000, 0x0000000746c00000|100%| S|CS|TAMS 0x0000000746b00000, 0x0000000746b00000| Complete 
|  82|0x0000000746c00000, 0x0000000746cffff8, 0x0000000746d00000| 99%| S|CS|TAMS 0x0000000746c00000, 0x0000000746c00000| Complete 
|  83|0x0000000746d00000, 0x0000000746d00000, 0x0000000746e00000|  0%| F|  |TAMS 0x0000000746d00000, 0x0000000746d00000| Untracked 
|  84|0x0000000746e00000, 0x0000000746e00000, 0x0000000746f00000|  0%| F|  |TAMS 0x0000000746e00000, 0x0000000746e00000| Untracked 
|  85|0x0000000746f00000, 0x0000000746f00000, 0x0000000747000000|  0%| F|  |TAMS 0x0000000746f00000, 0x0000000746f00000| Untracked 
|  86|0x0000000747000000, 0x0000000747000000, 0x0000000747100000|  0%| F|  |TAMS 0x0000000747000000, 0x0000000747000000| Untracked 
|  87|0x0000000747100000, 0x0000000747100000, 0x0000000747200000|  0%| F|  |TAMS 0x0000000747100000, 0x0000000747100000| Untracked 
|  88|0x0000000747200000, 0x0000000747200000, 0x0000000747300000|  0%| F|  |TAMS 0x0000000747200000, 0x0000000747200000| Untracked 
|  89|0x0000000747300000, 0x0000000747300000, 0x0000000747400000|  0%| F|  |TAMS 0x0000000747300000, 0x0000000747300000| Untracked 
|  90|0x0000000747400000, 0x0000000747400000, 0x0000000747500000|  0%| F|  |TAMS 0x0000000747400000, 0x0000000747400000| Untracked 
|  91|0x0000000747500000, 0x0000000747500000, 0x0000000747600000|  0%| F|  |TAMS 0x0000000747500000, 0x0000000747500000| Untracked 
|  92|0x0000000747600000, 0x0000000747600000, 0x0000000747700000|  0%| F|  |TAMS 0x0000000747600000, 0x0000000747600000| Untracked 
|  93|0x0000000747700000, 0x0000000747700000, 0x0000000747800000|  0%| F|  |TAMS 0x0000000747700000, 0x0000000747700000| Untracked 
|  94|0x0000000747800000, 0x0000000747800000, 0x0000000747900000|  0%| F|  |TAMS 0x0000000747800000, 0x0000000747800000| Untracked 
|  95|0x0000000747900000, 0x0000000747900000, 0x0000000747a00000|  0%| F|  |TAMS 0x0000000747900000, 0x0000000747900000| Untracked 
|  96|0x0000000747a00000, 0x0000000747a00000, 0x0000000747b00000|  0%| F|  |TAMS 0x0000000747a00000, 0x0000000747a00000| Untracked 
|  97|0x0000000747b00000, 0x0000000747b00000, 0x0000000747c00000|  0%| F|  |TAMS 0x0000000747b00000, 0x0000000747b00000| Untracked 
|  98|0x0000000747c00000, 0x0000000747c00000, 0x0000000747d00000|  0%| F|  |TAMS 0x0000000747c00000, 0x0000000747c00000| Untracked 
|  99|0x0000000747d00000, 0x0000000747d00000, 0x0000000747e00000|  0%| F|  |TAMS 0x0000000747d00000, 0x0000000747d00000| Untracked 
| 100|0x0000000747e00000, 0x0000000747e00000, 0x0000000747f00000|  0%| F|  |TAMS 0x0000000747e00000, 0x0000000747e00000| Untracked 
| 101|0x0000000747f00000, 0x0000000747f00000, 0x0000000748000000|  0%| F|  |TAMS 0x0000000747f00000, 0x0000000747f00000| Untracked 
| 102|0x0000000748000000, 0x0000000748000000, 0x0000000748100000|  0%| F|  |TAMS 0x0000000748000000, 0x0000000748000000| Untracked 
| 103|0x0000000748100000, 0x0000000748100000, 0x0000000748200000|  0%| F|  |TAMS 0x0000000748100000, 0x0000000748100000| Untracked 
| 104|0x0000000748200000, 0x0000000748200000, 0x0000000748300000|  0%| F|  |TAMS 0x0000000748200000, 0x0000000748200000| Untracked 
| 105|0x0000000748300000, 0x0000000748300000, 0x0000000748400000|  0%| F|  |TAMS 0x0000000748300000, 0x0000000748300000| Untracked 
| 106|0x0000000748400000, 0x0000000748400000, 0x0000000748500000|  0%| F|  |TAMS 0x0000000748400000, 0x0000000748400000| Untracked 
| 107|0x0000000748500000, 0x0000000748500000, 0x0000000748600000|  0%| F|  |TAMS 0x0000000748500000, 0x0000000748500000| Untracked 
| 108|0x0000000748600000, 0x0000000748600000, 0x0000000748700000|  0%| F|  |TAMS 0x0000000748600000, 0x0000000748600000| Untracked 
| 109|0x0000000748700000, 0x0000000748700000, 0x0000000748800000|  0%| F|  |TAMS 0x0000000748700000, 0x0000000748700000| Untracked 
| 110|0x0000000748800000, 0x0000000748800000, 0x0000000748900000|  0%| F|  |TAMS 0x0000000748800000, 0x0000000748800000| Untracked 
| 111|0x0000000748900000, 0x0000000748900000, 0x0000000748a00000|  0%| F|  |TAMS 0x0000000748900000, 0x0000000748900000| Untracked 
| 112|0x0000000748a00000, 0x0000000748a00000, 0x0000000748b00000|  0%| F|  |TAMS 0x0000000748a00000, 0x0000000748a00000| Untracked 
| 113|0x0000000748b00000, 0x0000000748b00000, 0x0000000748c00000|  0%| F|  |TAMS 0x0000000748b00000, 0x0000000748b00000| Untracked 
| 114|0x0000000748c00000, 0x0000000748c00000, 0x0000000748d00000|  0%| F|  |TAMS 0x0000000748c00000, 0x0000000748c00000| Untracked 
| 115|0x0000000748d00000, 0x0000000748d00000, 0x0000000748e00000|  0%| F|  |TAMS 0x0000000748d00000, 0x0000000748d00000| Untracked 
| 116|0x0000000748e00000, 0x0000000748e00000, 0x0000000748f00000|  0%| F|  |TAMS 0x0000000748e00000, 0x0000000748e00000| Untracked 
| 117|0x0000000748f00000, 0x0000000748f00000, 0x0000000749000000|  0%| F|  |TAMS 0x0000000748f00000, 0x0000000748f00000| Untracked 
| 118|0x0000000749000000, 0x0000000749000000, 0x0000000749100000|  0%| F|  |TAMS 0x0000000749000000, 0x0000000749000000| Untracked 
| 119|0x0000000749100000, 0x0000000749100000, 0x0000000749200000|  0%| F|  |TAMS 0x0000000749100000, 0x0000000749100000| Untracked 
| 120|0x0000000749200000, 0x0000000749200000, 0x0000000749300000|  0%| F|  |TAMS 0x0000000749200000, 0x0000000749200000| Untracked 
| 121|0x0000000749300000, 0x0000000749300000, 0x0000000749400000|  0%| F|  |TAMS 0x0000000749300000, 0x0000000749300000| Untracked 
| 122|0x0000000749400000, 0x0000000749400000, 0x0000000749500000|  0%| F|  |TAMS 0x0000000749400000, 0x0000000749400000| Untracked 
| 123|0x0000000749500000, 0x0000000749500000, 0x0000000749600000|  0%| F|  |TAMS 0x0000000749500000, 0x0000000749500000| Untracked 
| 124|0x0000000749600000, 0x0000000749600000, 0x0000000749700000|  0%| F|  |TAMS 0x0000000749600000, 0x0000000749600000| Untracked 
| 125|0x0000000749700000, 0x0000000749700000, 0x0000000749800000|  0%| F|  |TAMS 0x0000000749700000, 0x0000000749700000| Untracked 
| 126|0x0000000749800000, 0x0000000749800000, 0x0000000749900000|  0%| F|  |TAMS 0x0000000749800000, 0x0000000749800000| Untracked 
| 127|0x0000000749900000, 0x0000000749900000, 0x0000000749a00000|  0%| F|  |TAMS 0x0000000749900000, 0x0000000749900000| Untracked 
| 128|0x0000000749a00000, 0x0000000749a00000, 0x0000000749b00000|  0%| F|  |TAMS 0x0000000749a00000, 0x0000000749a00000| Untracked 
| 129|0x0000000749b00000, 0x0000000749b00000, 0x0000000749c00000|  0%| F|  |TAMS 0x0000000749b00000, 0x0000000749b00000| Untracked 
| 130|0x0000000749c00000, 0x0000000749c00000, 0x0000000749d00000|  0%| F|  |TAMS 0x0000000749c00000, 0x0000000749c00000| Untracked 
| 131|0x0000000749d00000, 0x0000000749d00000, 0x0000000749e00000|  0%| F|  |TAMS 0x0000000749d00000, 0x0000000749d00000| Untracked 
| 132|0x0000000749e00000, 0x0000000749e00000, 0x0000000749f00000|  0%| F|  |TAMS 0x0000000749e00000, 0x0000000749e00000| Untracked 
| 133|0x0000000749f00000, 0x0000000749f00000, 0x000000074a000000|  0%| F|  |TAMS 0x0000000749f00000, 0x0000000749f00000| Untracked 
| 134|0x000000074a000000, 0x000000074a000000, 0x000000074a100000|  0%| F|  |TAMS 0x000000074a000000, 0x000000074a000000| Untracked 
| 135|0x000000074a100000, 0x000000074a100000, 0x000000074a200000|  0%| F|  |TAMS 0x000000074a100000, 0x000000074a100000| Untracked 
| 136|0x000000074a200000, 0x000000074a200000, 0x000000074a300000|  0%| F|  |TAMS 0x000000074a200000, 0x000000074a200000| Untracked 
| 137|0x000000074a300000, 0x000000074a300000, 0x000000074a400000|  0%| F|  |TAMS 0x000000074a300000, 0x000000074a300000| Untracked 
| 138|0x000000074a400000, 0x000000074a400000, 0x000000074a500000|  0%| F|  |TAMS 0x000000074a400000, 0x000000074a400000| Untracked 
| 139|0x000000074a500000, 0x000000074a500000, 0x000000074a600000|  0%| F|  |TAMS 0x000000074a500000, 0x000000074a500000| Untracked 
| 140|0x000000074a600000, 0x000000074a600000, 0x000000074a700000|  0%| F|  |TAMS 0x000000074a600000, 0x000000074a600000| Untracked 
| 141|0x000000074a700000, 0x000000074a700000, 0x000000074a800000|  0%| F|  |TAMS 0x000000074a700000, 0x000000074a700000| Untracked 
| 142|0x000000074a800000, 0x000000074a800000, 0x000000074a900000|  0%| F|  |TAMS 0x000000074a800000, 0x000000074a800000| Untracked 
| 143|0x000000074a900000, 0x000000074a900000, 0x000000074aa00000|  0%| F|  |TAMS 0x000000074a900000, 0x000000074a900000| Untracked 
| 144|0x000000074aa00000, 0x000000074aa00000, 0x000000074ab00000|  0%| F|  |TAMS 0x000000074aa00000, 0x000000074aa00000| Untracked 
| 145|0x000000074ab00000, 0x000000074ab00000, 0x000000074ac00000|  0%| F|  |TAMS 0x000000074ab00000, 0x000000074ab00000| Untracked 
| 146|0x000000074ac00000, 0x000000074ac00000, 0x000000074ad00000|  0%| F|  |TAMS 0x000000074ac00000, 0x000000074ac00000| Untracked 
| 147|0x000000074ad00000, 0x000000074ad00000, 0x000000074ae00000|  0%| F|  |TAMS 0x000000074ad00000, 0x000000074ad00000| Untracked 
| 148|0x000000074ae00000, 0x000000074ae00000, 0x000000074af00000|  0%| F|  |TAMS 0x000000074ae00000, 0x000000074ae00000| Untracked 
| 149|0x000000074af00000, 0x000000074af00000, 0x000000074b000000|  0%| F|  |TAMS 0x000000074af00000, 0x000000074af00000| Untracked 
| 150|0x000000074b000000, 0x000000074b000000, 0x000000074b100000|  0%| F|  |TAMS 0x000000074b000000, 0x000000074b000000| Untracked 
| 151|0x000000074b100000, 0x000000074b100000, 0x000000074b200000|  0%| F|  |TAMS 0x000000074b100000, 0x000000074b100000| Untracked 
| 152|0x000000074b200000, 0x000000074b200000, 0x000000074b300000|  0%| F|  |TAMS 0x000000074b200000, 0x000000074b200000| Untracked 
| 153|0x000000074b300000, 0x000000074b300000, 0x000000074b400000|  0%| F|  |TAMS 0x000000074b300000, 0x000000074b300000| Untracked 
| 154|0x000000074b400000, 0x000000074b400000, 0x000000074b500000|  0%| F|  |TAMS 0x000000074b400000, 0x000000074b400000| Untracked 
| 155|0x000000074b500000, 0x000000074b500000, 0x000000074b600000|  0%| F|  |TAMS 0x000000074b500000, 0x000000074b500000| Untracked 
| 156|0x000000074b600000, 0x000000074b600000, 0x000000074b700000|  0%| F|  |TAMS 0x000000074b600000, 0x000000074b600000| Untracked 
| 157|0x000000074b700000, 0x000000074b700000, 0x000000074b800000|  0%| F|  |TAMS 0x000000074b700000, 0x000000074b700000| Untracked 
| 158|0x000000074b800000, 0x000000074b800000, 0x000000074b900000|  0%| F|  |TAMS 0x000000074b800000, 0x000000074b800000| Untracked 
| 159|0x000000074b900000, 0x000000074b900000, 0x000000074ba00000|  0%| F|  |TAMS 0x000000074b900000, 0x000000074b900000| Untracked 
| 160|0x000000074ba00000, 0x000000074ba00000, 0x000000074bb00000|  0%| F|  |TAMS 0x000000074ba00000, 0x000000074ba00000| Untracked 
| 161|0x000000074bb00000, 0x000000074bb00000, 0x000000074bc00000|  0%| F|  |TAMS 0x000000074bb00000, 0x000000074bb00000| Untracked 
| 162|0x000000074bc00000, 0x000000074bc00000, 0x000000074bd00000|  0%| F|  |TAMS 0x000000074bc00000, 0x000000074bc00000| Untracked 
| 163|0x000000074bd00000, 0x000000074bd00000, 0x000000074be00000|  0%| F|  |TAMS 0x000000074bd00000, 0x000000074bd00000| Untracked 
| 164|0x000000074be00000, 0x000000074be00000, 0x000000074bf00000|  0%| F|  |TAMS 0x000000074be00000, 0x000000074be00000| Untracked 
| 165|0x000000074bf00000, 0x000000074bf00000, 0x000000074c000000|  0%| F|  |TAMS 0x000000074bf00000, 0x000000074bf00000| Untracked 
| 166|0x000000074c000000, 0x000000074c000000, 0x000000074c100000|  0%| F|  |TAMS 0x000000074c000000, 0x000000074c000000| Untracked 
| 167|0x000000074c100000, 0x000000074c100000, 0x000000074c200000|  0%| F|  |TAMS 0x000000074c100000, 0x000000074c100000| Untracked 
| 168|0x000000074c200000, 0x000000074c200000, 0x000000074c300000|  0%| F|  |TAMS 0x000000074c200000, 0x000000074c200000| Untracked 
| 169|0x000000074c300000, 0x000000074c300000, 0x000000074c400000|  0%| F|  |TAMS 0x000000074c300000, 0x000000074c300000| Untracked 
| 170|0x000000074c400000, 0x000000074c400000, 0x000000074c500000|  0%| F|  |TAMS 0x000000074c400000, 0x000000074c400000| Untracked 
| 171|0x000000074c500000, 0x000000074c500000, 0x000000074c600000|  0%| F|  |TAMS 0x000000074c500000, 0x000000074c500000| Untracked 
| 172|0x000000074c600000, 0x000000074c680800, 0x000000074c700000| 50%| E|  |TAMS 0x000000074c600000, 0x000000074c600000| Complete 
| 173|0x000000074c700000, 0x000000074c800000, 0x000000074c800000|100%| E|CS|TAMS 0x000000074c700000, 0x000000074c700000| Complete 
| 174|0x000000074c800000, 0x000000074c900000, 0x000000074c900000|100%| E|CS|TAMS 0x000000074c800000, 0x000000074c800000| Complete 
| 175|0x000000074c900000, 0x000000074ca00000, 0x000000074ca00000|100%| E|CS|TAMS 0x000000074c900000, 0x000000074c900000| Complete 
| 176|0x000000074ca00000, 0x000000074cb00000, 0x000000074cb00000|100%| E|CS|TAMS 0x000000074ca00000, 0x000000074ca00000| Complete 
| 177|0x000000074cb00000, 0x000000074cc00000, 0x000000074cc00000|100%| E|CS|TAMS 0x000000074cb00000, 0x000000074cb00000| Complete 
| 178|0x000000074cc00000, 0x000000074cd00000, 0x000000074cd00000|100%| E|CS|TAMS 0x000000074cc00000, 0x000000074cc00000| Complete 
| 179|0x000000074cd00000, 0x000000074ce00000, 0x000000074ce00000|100%| E|CS|TAMS 0x000000074cd00000, 0x000000074cd00000| Complete 
| 180|0x000000074ce00000, 0x000000074cf00000, 0x000000074cf00000|100%| E|CS|TAMS 0x000000074ce00000, 0x000000074ce00000| Complete 
| 181|0x000000074cf00000, 0x000000074d000000, 0x000000074d000000|100%| E|CS|TAMS 0x000000074cf00000, 0x000000074cf00000| Complete 
| 182|0x000000074d000000, 0x000000074d100000, 0x000000074d100000|100%| E|CS|TAMS 0x000000074d000000, 0x000000074d000000| Complete 
| 183|0x000000074d100000, 0x000000074d200000, 0x000000074d200000|100%| E|CS|TAMS 0x000000074d100000, 0x000000074d100000| Complete 
| 184|0x000000074d200000, 0x000000074d300000, 0x000000074d300000|100%| E|CS|TAMS 0x000000074d200000, 0x000000074d200000| Complete 
| 185|0x000000074d300000, 0x000000074d400000, 0x000000074d400000|100%| E|CS|TAMS 0x000000074d300000, 0x000000074d300000| Complete 
| 186|0x000000074d400000, 0x000000074d500000, 0x000000074d500000|100%| E|CS|TAMS 0x000000074d400000, 0x000000074d400000| Complete 
| 187|0x000000074d500000, 0x000000074d600000, 0x000000074d600000|100%| E|CS|TAMS 0x000000074d500000, 0x000000074d500000| Complete 
| 188|0x000000074d600000, 0x000000074d700000, 0x000000074d700000|100%| E|CS|TAMS 0x000000074d600000, 0x000000074d600000| Complete 
| 189|0x000000074d700000, 0x000000074d800000, 0x000000074d800000|100%| E|CS|TAMS 0x000000074d700000, 0x000000074d700000| Complete 
| 190|0x000000074d800000, 0x000000074d900000, 0x000000074d900000|100%| E|CS|TAMS 0x000000074d800000, 0x000000074d800000| Complete 
| 191|0x000000074d900000, 0x000000074da00000, 0x000000074da00000|100%| E|CS|TAMS 0x000000074d900000, 0x000000074d900000| Complete 

Card table byte_map: [0x00000253421d0000,0x00000253427d0000] _byte_map_base: 0x000002533e7c3000

Marking Bits (Prev, Next): (CMBitMap*) 0x000002532a407c28, (CMBitMap*) 0x000002532a407c68
 Prev Bits: [0x0000025342dd0000, 0x0000025345d68000)
 Next Bits: [0x0000025345d70000, 0x0000025348d08000)

Polling page: 0x0000025329b70000

Metaspace:

Usage:
  Non-class:     17.98 MB capacity,    17.54 MB ( 98%) used,   382.10 KB (  2%) free+waste,    71.13 KB ( <1%) overhead. 
      Class:      2.68 MB capacity,     2.44 MB ( 91%) used,   216.30 KB (  8%) free+waste,    34.44 KB (  1%) overhead. 
       Both:     20.66 MB capacity,    19.98 MB ( 97%) used,   598.40 KB (  3%) free+waste,   105.56 KB ( <1%) overhead. 

Virtual space:
  Non-class space:       18.00 MB reserved,      18.00 MB (100%) committed 
      Class space:        1.00 GB reserved,       2.75 MB ( <1%) committed 
             Both:        1.02 GB reserved,      20.75 MB (  2%) committed 

Chunk freelists:
   Non-Class:  20.00 KB
       Class:  4.00 KB
        Both:  24.00 KB

MaxMetaspaceSize: 17179869184.00 GB
CompressedClassSpaceSize: 1.00 GB

CodeHeap 'non-profiled nmethods': size=120000Kb used=1439Kb max_used=1439Kb free=118561Kb
 bounds [0x000002533a370000, 0x000002533a5e0000, 0x00000253418a0000]
CodeHeap 'profiled nmethods': size=120000Kb used=6599Kb max_used=6599Kb free=113400Kb
 bounds [0x0000025332e40000, 0x00000253334c0000, 0x000002533a370000]
CodeHeap 'non-nmethods': size=5760Kb used=1288Kb max_used=1323Kb free=4471Kb
 bounds [0x00000253328a0000, 0x0000025332b10000, 0x0000025332e40000]
 total_blobs=4304 nmethods=2742 adapters=373
 compilation: enabled
              stopped_count=0, restarted_count=0
 full_count=0

Compilation events (20 events):
Event: 2.470 Thread 0x000002534c0a1000 2890       3       org.springframework.context.support.PropertySourcesPlaceholderConfigurer$$Lambda$373/0x0000000800dbf040::resolveStringValue (13 bytes)
Event: 2.470 Thread 0x000002534c0a1000 nmethod 2890 0x00000253334aad90 code [0x00000253334aaf40, 0x00000253334ab130]
Event: 2.470 Thread 0x000002534c0a1000 2889       3       org.springframework.beans.factory.config.BeanDefinitionVisitor::resolveStringValue (42 bytes)
Event: 2.470 Thread 0x000002534c0a1000 nmethod 2889 0x00000253334ab210 code [0x00000253334ab400, 0x00000253334ab830]
Event: 2.470 Thread 0x000002534c0a1000 2891       3       org.springframework.context.support.PropertySourcesPlaceholderConfigurer::lambda$processProperties$0 (54 bytes)
Event: 2.471 Thread 0x000002534c0a1000 nmethod 2891 0x00000253334ab990 code [0x00000253334abba0, 0x00000253334ac270]
Event: 2.474 Thread 0x000002534c0a1000 2893       3       org.springframework.beans.factory.support.AbstractBeanFactory::isFactoryBean (60 bytes)
Event: 2.475 Thread 0x000002534c0a1000 nmethod 2893 0x00000253334ac490 code [0x00000253334ac680, 0x00000253334acde0]
Event: 2.477 Thread 0x000002534c0a1000 2895       3       org.springframework.core.annotation.TypeMappedAnnotations$IsPresent::doWithAnnotations (183 bytes)
Event: 2.479 Thread 0x000002534c0a1000 nmethod 2895 0x00000253334acf90 code [0x00000253334ad260, 0x00000253334ae2e0]
Event: 2.479 Thread 0x000002534c0a1000 2894       3       org.springframework.core.annotation.TypeMappedAnnotations$IsPresent::doWithAnnotations (10 bytes)
Event: 2.479 Thread 0x000002534c0a1000 nmethod 2894 0x00000253334aea10 code [0x00000253334aebc0, 0x00000253334aedb0]
Event: 2.479 Thread 0x000002534c0a1000 2896       3       java.lang.Class::getDeclaredConstructors (27 bytes)
Event: 2.479 Thread 0x000002534c0a1000 nmethod 2896 0x00000253334aee90 code [0x00000253334af080, 0x00000253334af420]
Event: 2.480 Thread 0x000002534c0a1000 2897       3       jdk.internal.reflect.ReflectionFactory::newConstructorAccessor (154 bytes)
Event: 2.483 Thread 0x000002534c0a1000 nmethod 2897 0x00000253334af590 code [0x00000253334af960, 0x00000253334b1640]
Event: 2.483 Thread 0x000002534c0a1000 2898       3       jdk.internal.reflect.Reflection::isSubclassOf (21 bytes)
Event: 2.483 Thread 0x000002534c0a1000 nmethod 2898 0x00000253334b2010 code [0x00000253334b21c0, 0x00000253334b2450]
Event: 2.483 Thread 0x000002534c0a1000 2899       3       java.lang.Class::forName (15 bytes)
Event: 2.484 Thread 0x000002534c0a1000 nmethod 2899 0x00000253334b2590 code [0x00000253334b2760, 0x00000253334b29e0]

GC Heap History (6 events):
Event: 0.627 GC heap before
{Heap before GC invocations=0 (full 0):
 garbage-first heap   total 196608K, used 24576K [0x0000000741a00000, 0x0000000800000000)
  region size 1024K, 24 young (24576K), 0 survivors (0K)
 Metaspace       used 4209K, capacity 6506K, committed 6656K, reserved 1056768K
  class space    used 450K, capacity 684K, committed 768K, reserved 1048576K
}
Event: 0.631 GC heap after
{Heap after GC invocations=1 (full 0):
 garbage-first heap   total 196608K, used 6459K [0x0000000741a00000, 0x0000000800000000)
  region size 1024K, 3 young (3072K), 3 survivors (3072K)
 Metaspace       used 4209K, capacity 6506K, committed 6656K, reserved 1056768K
  class space    used 450K, capacity 684K, committed 768K, reserved 1048576K
}
Event: 1.390 GC heap before
{Heap before GC invocations=1 (full 0):
 garbage-first heap   total 196608K, used 120123K [0x0000000741a00000, 0x0000000800000000)
  region size 1024K, 115 young (117760K), 3 survivors (3072K)
 Metaspace       used 14865K, capacity 15592K, committed 15872K, reserved 1062912K
  class space    used 1820K, capacity 1999K, committed 2048K, reserved 1048576K
}
Event: 1.395 GC heap after
{Heap after GC invocations=2 (full 0):
 garbage-first heap   total 196608K, used 9072K [0x0000000741a00000, 0x0000000800000000)
  region size 1024K, 6 young (6144K), 6 survivors (6144K)
 Metaspace       used 14865K, capacity 15592K, committed 15872K, reserved 1062912K
  class space    used 1820K, capacity 1999K, committed 2048K, reserved 1048576K
}
Event: 2.027 GC heap before
{Heap before GC invocations=2 (full 0):
 garbage-first heap   total 196608K, used 119664K [0x0000000741a00000, 0x0000000800000000)
  region size 1024K, 115 young (117760K), 6 survivors (6144K)
 Metaspace       used 17985K, capacity 18680K, committed 18816K, reserved 1064960K
  class space    used 2161K, capacity 2390K, committed 2432K, reserved 1048576K
}
Event: 2.034 GC heap after
{Heap after GC invocations=3 (full 0):
 garbage-first heap   total 196608K, used 10306K [0x0000000741a00000, 0x0000000800000000)
  region size 1024K, 7 young (7168K), 7 survivors (7168K)
 Metaspace       used 17985K, capacity 18680K, committed 18816K, reserved 1064960K
  class space    used 2161K, capacity 2390K, committed 2432K, reserved 1048576K
}

Deoptimization events (20 events):
Event: 2.473 Thread 0x000002534caf4000 Uncommon trap: trap_request=0xffffff45 fr.pc=0x000002533a4667bc relative=0x000000000000011c
Event: 2.473 Thread 0x000002534caf4000 Uncommon trap: reason=unstable_if action=reinterpret pc=0x000002533a4667bc method=java.util.Arrays.equals([Ljava/lang/Object;[Ljava/lang/Object;)Z @ 44 c2
Event: 2.473 Thread 0x000002534caf4000 DEOPT PACKING pc=0x000002533a4667bc sp=0x000000dd90efda10
Event: 2.473 Thread 0x000002534caf4000 DEOPT UNPACKING pc=0x00000253328e912f sp=0x000000dd90efd9a0 mode 2
Event: 2.473 Thread 0x000002534caf4000 Uncommon trap: trap_request=0xffffff45 fr.pc=0x000002533a4cd790 relative=0x0000000000000450
Event: 2.473 Thread 0x000002534caf4000 Uncommon trap: reason=unstable_if action=reinterpret pc=0x000002533a4cd790 method=org.springframework.beans.factory.support.AbstractAutowireCapableBeanFactory.predictBeanType(Ljava/lang/String;Lorg/springframework/beans/factory/support/RootBeanDefinition;
Event: 2.473 Thread 0x000002534caf4000 DEOPT PACKING pc=0x000002533a4cd790 sp=0x000000dd90efe010
Event: 2.473 Thread 0x000002534caf4000 DEOPT UNPACKING pc=0x00000253328e912f sp=0x000000dd90efdf50 mode 2
Event: 2.481 Thread 0x000002534caf4000 DEOPT PACKING pc=0x000002533342eaf4 sp=0x000000dd90ef9700
Event: 2.481 Thread 0x000002534caf4000 DEOPT UNPACKING pc=0x00000253328e964e sp=0x000000dd90ef8c28 mode 1
Event: 2.481 Thread 0x000002534caf4000 DEOPT PACKING pc=0x000002533335279c sp=0x000000dd90ef97e0
Event: 2.481 Thread 0x000002534caf4000 DEOPT UNPACKING pc=0x00000253328e964e sp=0x000000dd90ef8d58 mode 1
Event: 2.481 Thread 0x000002534caf4000 DEOPT PACKING pc=0x000002533334f3f4 sp=0x000000dd90ef9910
Event: 2.481 Thread 0x000002534caf4000 DEOPT UNPACKING pc=0x00000253328e964e sp=0x000000dd90ef8ed0 mode 1
Event: 2.481 Thread 0x000002534caf4000 DEOPT PACKING pc=0x000002533342eaf4 sp=0x000000dd90ef9700
Event: 2.481 Thread 0x000002534caf4000 DEOPT UNPACKING pc=0x00000253328e964e sp=0x000000dd90ef8c28 mode 1
Event: 2.481 Thread 0x000002534caf4000 DEOPT PACKING pc=0x000002533335279c sp=0x000000dd90ef97e0
Event: 2.481 Thread 0x000002534caf4000 DEOPT UNPACKING pc=0x00000253328e964e sp=0x000000dd90ef8d58 mode 1
Event: 2.481 Thread 0x000002534caf4000 DEOPT PACKING pc=0x000002533334f3f4 sp=0x000000dd90ef9910
Event: 2.481 Thread 0x000002534caf4000 DEOPT UNPACKING pc=0x00000253328e964e sp=0x000000dd90ef8ed0 mode 1

Classes unloaded (0 events):
No events

Classes redefined (0 events):
No events

Internal exceptions (20 events):
Event: 1.115 Thread 0x000002534caf4000 Exception <a 'java/lang/NoSuchMethodError'{0x000000074875c460}: 'org.slf4j.impl.StaticMDCBinder org.slf4j.impl.StaticMDCBinder.getSingleton()'> (0x000000074875c460) 
thrown [t:/workspace/open/src/hotspot/share/interpreter/linkResolver.cpp, line 767]
Event: 1.116 Thread 0x000002534caf4000 Implicit null exception at 0x000002533a387364 to 0x000002533a387626
Event: 1.233 Thread 0x000002534caf4000 Exception <a 'java/lang/ClassNotFoundException'{0x00000007481a3f98}: java/lang/ObjectCustomizer> (0x00000007481a3f98) 
thrown [t:/workspace/open/src/hotspot/share/classfile/systemDictionary.cpp, line 232]
Event: 1.235 Thread 0x000002534caf4000 Exception <a 'java/lang/IncompatibleClassChangeError'{0x00000007481a8e90}: Found class java.lang.Object, but interface was expected> (0x00000007481a8e90) 
thrown [t:/workspace/open/src/hotspot/share/interpreter/linkResolver.cpp, line 833]
Event: 1.242 Thread 0x000002534caf4000 Exception <a 'java/lang/ClassNotFoundException'{0x00000007481e19c8}: org/springframework/context/annotation/ConfigurationClassPostProcessorCustomizer> (0x00000007481e19c8) 
thrown [t:/workspace/open/src/hotspot/share/classfile/systemDictionary.cpp, line 232]
Event: 1.249 Thread 0x000002534caf4000 Exception <a 'java/lang/ClassNotFoundException'{0x0000000748053028}: org/springframework/beans/factory/support/BeanDefinitionRegistryPostProcessorCustomizer> (0x0000000748053028) 
thrown [t:/workspace/open/src/hotspot/share/classfile/systemDictionary.cpp, line 232]
Event: 1.250 Thread 0x000002534caf4000 Exception <a 'java/lang/ClassNotFoundException'{0x0000000748067130}: org/springframework/beans/factory/config/BeanFactoryPostProcessorCustomizer> (0x0000000748067130) 
thrown [t:/workspace/open/src/hotspot/share/classfile/systemDictionary.cpp, line 232]
Event: 1.251 Thread 0x000002534caf4000 Exception <a 'java/lang/ClassNotFoundException'{0x0000000748078070}: org/springframework/core/PriorityOrderedCustomizer> (0x0000000748078070) 
thrown [t:/workspace/open/src/hotspot/share/classfile/systemDictionary.cpp, line 232]
Event: 1.251 Thread 0x000002534caf4000 Exception <a 'java/lang/ClassNotFoundException'{0x0000000748086fd0}: org/springframework/core/OrderedCustomizer> (0x0000000748086fd0) 
thrown [t:/workspace/open/src/hotspot/share/classfile/systemDictionary.cpp, line 232]
Event: 1.252 Thread 0x000002534caf4000 Exception <a 'java/lang/ClassNotFoundException'{0x00000007480987f0}: org/springframework/context/ResourceLoaderAwareCustomizer> (0x00000007480987f0) 
thrown [t:/workspace/open/src/hotspot/share/classfile/systemDictionary.cpp, line 232]
Event: 1.253 Thread 0x000002534caf4000 Exception <a 'java/lang/ClassNotFoundException'{0x00000007480a9290}: org/springframework/beans/factory/AwareCustomizer> (0x00000007480a9290) 
thrown [t:/workspace/open/src/hotspot/share/classfile/systemDictionary.cpp, line 232]
Event: 1.253 Thread 0x000002534caf4000 Exception <a 'java/lang/ClassNotFoundException'{0x00000007480baae0}: org/springframework/beans/factory/BeanClassLoaderAwareCustomizer> (0x00000007480baae0) 
thrown [t:/workspace/open/src/hotspot/share/classfile/systemDictionary.cpp, line 232]
Event: 1.254 Thread 0x000002534caf4000 Exception <a 'java/lang/ClassNotFoundException'{0x00000007480cb598}: org/springframework/beans/factory/AwareCustomizer> (0x00000007480cb598) 
thrown [t:/workspace/open/src/hotspot/share/classfile/systemDictionary.cpp, line 232]
Event: 1.254 Thread 0x000002534caf4000 Exception <a 'java/lang/ClassNotFoundException'{0x00000007480dbc00}: org/springframework/context/EnvironmentAwareCustomizer> (0x00000007480dbc00) 
thrown [t:/workspace/open/src/hotspot/share/classfile/systemDictionary.cpp, line 232]
Event: 1.255 Thread 0x000002534caf4000 Exception <a 'java/lang/ClassNotFoundException'{0x00000007480ec608}: org/springframework/beans/factory/AwareCustomizer> (0x00000007480ec608) 
thrown [t:/workspace/open/src/hotspot/share/classfile/systemDictionary.cpp, line 232]
Event: 1.340 Thread 0x000002534caf4000 Exception <a 'java/lang/NoSuchMethodError'{0x0000000747b77188}: 'int java.lang.invoke.DirectMethodHandle$Holder.invokeSpecialIFC(java.lang.Object, java.lang.Object, java.lang.Object, java.lang.Object)'> (0x0000000747b77188) 
thrown [t:/workspace/open/src/hotspot/share/interpreter/linkResolver.cpp, line 767]
Event: 1.448 Thread 0x000002534caf4000 Exception <a 'java/lang/IncompatibleClassChangeError'{0x000000074c2257d8}: Found class java.lang.Object, but interface was expected> (0x000000074c2257d8) 
thrown [t:/workspace/open/src/hotspot/share/interpreter/linkResolver.cpp, line 833]
Event: 1.484 Thread 0x000002534caf4000 Exception <a 'java/lang/NoSuchMethodError'{0x000000074c1f48b0}: 'void java.lang.invoke.DirectMethodHandle$Holder.invokeInterface(java.lang.Object, java.lang.Object, java.lang.Object, java.lang.Object)'> (0x000000074c1f48b0) 
thrown [t:/workspace/open/src/hotspot/share/interpreter/linkResolver.cpp, line 767]
Event: 2.125 Thread 0x000002534caf4000 Exception <a 'java/lang/NoSuchMethodError'{0x000000074d533e20}: 'java.lang.Object java.lang.invoke.DirectMethodHandle$Holder.invokeStatic(java.lang.Object, java.lang.Object, java.lang.Object, java.lang.Object, int)'> (0x000000074d533e20) 
thrown [t:/workspace/open/src/hotspot/share/interpreter/linkResolver.cpp, line 767]
Event: 2.170 Thread 0x000002534caf4000 Exception <a 'java/lang/NoSuchMethodError'{0x000000074d3906c0}: 'java.lang.Object java.lang.invoke.DirectMethodHandle$Holder.invokeSpecialIFC(java.lang.Object, java.lang.Object, java.lang.Object, java.lang.Object)'> (0x000000074d3906c0) 
thrown [t:/workspace/open/src/hotspot/share/interpreter/linkResolver.cpp, line 767]

Events (20 events):
Event: 2.467 loading class org/springframework/jndi/JndiObjectLocator done
Event: 2.469 loading class org/springframework/data/jpa/util/BeanDefinitionUtils$EntityManagerFactoryBeanDefinition
Event: 2.469 loading class org/springframework/data/jpa/util/BeanDefinitionUtils$EntityManagerFactoryBeanDefinition done
Event: 2.471 loading class org/springframework/beans/factory/support/AutowireCandidateQualifier
Event: 2.471 loading class org/springframework/beans/factory/support/AutowireCandidateQualifier done
Event: 2.472 loading class org/springframework/orm/jpa/SharedEntityManagerCreator
Event: 2.472 loading class org/springframework/orm/jpa/SharedEntityManagerCreator done
Event: 2.473 loading class sun/reflect/generics/tree/BooleanSignature
Event: 2.473 loading class sun/reflect/generics/tree/BooleanSignature done
Event: 2.475 loading class org/springframework/boot/context/properties/ConfigurationPropertiesValueObjectBeanDefinition
Event: 2.475 loading class org/springframework/boot/context/properties/ConfigurationPropertiesValueObjectBeanDefinition done
Event: 2.475 loading class org/springframework/beans/factory/support/MethodOverride
Event: 2.475 loading class org/springframework/beans/factory/support/MethodOverride done
Event: 2.476 loading class org/springframework/beans/factory/support/LookupOverride
Event: 2.476 loading class org/springframework/beans/factory/support/LookupOverride done
Event: 2.476 loading class org/springframework/beans/factory/annotation/InitDestroyAnnotationBeanPostProcessor$LifecycleMetadata
Event: 2.476 loading class org/springframework/beans/factory/annotation/InitDestroyAnnotationBeanPostProcessor$LifecycleMetadata done
Event: 2.477 loading class org/springframework/beans/factory/annotation/InitDestroyAnnotationBeanPostProcessor$1
Event: 2.477 loading class org/springframework/beans/factory/annotation/InitDestroyAnnotationBeanPostProcessor$1 done
Event: 2.484 Executing VM operation: ChangeBreakpoints


Dynamic libraries:
0x00007ff6e8e00000 - 0x00007ff6e8e0f000 	C:\Program Files\Java\jdk-13.0.2\bin\java.exe
0x00007ff854b20000 - 0x00007ff854d10000 	C:\Windows\SYSTEM32\ntdll.dll
0x00007ff8543f0000 - 0x00007ff8544a2000 	C:\Windows\System32\KERNEL32.DLL
0x00007ff852850000 - 0x00007ff852af4000 	C:\Windows\System32\KERNELBASE.dll
0x00007ff851ae0000 - 0x00007ff851bda000 	C:\Windows\System32\ucrtbase.dll
0x00007ff815ff0000 - 0x00007ff816005000 	C:\Program Files\Java\jdk-13.0.2\bin\VCRUNTIME140.dll
0x00007ff818ac0000 - 0x00007ff818ad8000 	C:\Program Files\Java\jdk-13.0.2\bin\jli.dll
0x00007ff854740000 - 0x00007ff8547e3000 	C:\Windows\System32\ADVAPI32.dll
0x00007ff8541c0000 - 0x00007ff85425e000 	C:\Windows\System32\msvcrt.dll
0x00007ff853360000 - 0x00007ff8533f7000 	C:\Windows\System32\sechost.dll
0x00007ff853a10000 - 0x00007ff853b30000 	C:\Windows\System32\RPCRT4.dll
0x00007ff853870000 - 0x00007ff853a04000 	C:\Windows\System32\USER32.dll
0x00007ff851ab0000 - 0x00007ff851ad1000 	C:\Windows\System32\win32u.dll
0x00007ff850ef0000 - 0x00007ff851174000 	C:\Windows\WinSxS\amd64_microsoft.windows.common-controls_6595b64144ccf1df_6.0.18362.900_none_e6beb9d913147d17\COMCTL32.dll
0x00007ff8547f0000 - 0x00007ff854816000 	C:\Windows\System32\GDI32.dll
0x00007ff853d00000 - 0x00007ff854035000 	C:\Windows\System32\combase.dll
0x00007ff8526b0000 - 0x00007ff852845000 	C:\Windows\System32\gdi32full.dll
0x00007ff852410000 - 0x00007ff8524ae000 	C:\Windows\System32\msvcp_win.dll
0x00007ff852600000 - 0x00007ff852680000 	C:\Windows\System32\bcryptPrimitives.dll
0x00007ff84f0b0000 - 0x00007ff84f0ba000 	C:\Windows\SYSTEM32\VERSION.dll
0x00007ff854040000 - 0x00007ff85406e000 	C:\Windows\System32\IMM32.DLL
0x00007ffff7290000 - 0x00007ffff732b000 	C:\Program Files\Java\jdk-13.0.2\bin\msvcp140.dll
0x00007fffdaf60000 - 0x00007fffdbabd000 	C:\Program Files\Java\jdk-13.0.2\bin\server\jvm.dll
0x00007ff8541a0000 - 0x00007ff8541a8000 	C:\Windows\System32\PSAPI.DLL
0x00007ff83ed10000 - 0x00007ff83ed19000 	C:\Windows\SYSTEM32\WSOCK32.dll
0x00007ff84d380000 - 0x00007ff84d3a4000 	C:\Windows\SYSTEM32\WINMM.dll
0x00007ff854600000 - 0x00007ff85466f000 	C:\Windows\System32\WS2_32.dll
0x00007ff84d340000 - 0x00007ff84d36d000 	C:\Windows\SYSTEM32\winmmbase.dll
0x00007ff852b20000 - 0x00007ff852b6a000 	C:\Windows\System32\cfgmgr32.dll
0x00007ff851a20000 - 0x00007ff851a31000 	C:\Windows\System32\kernel.appcore.dll
0x00007ff84afc0000 - 0x00007ff84afd0000 	C:\Program Files\Java\jdk-13.0.2\bin\verify.dll
0x00007ff851500000 - 0x00007ff8516f4000 	C:\Windows\SYSTEM32\DBGHELP.DLL
0x00007ff851270000 - 0x00007ff85129a000 	C:\Windows\SYSTEM32\dbgcore.DLL
0x00007ff815fc0000 - 0x00007ff815fe6000 	C:\Program Files\Java\jdk-13.0.2\bin\java.dll
0x00007ff84a7e0000 - 0x00007ff84a818000 	C:\Program Files\Java\jdk-13.0.2\bin\jdwp.dll
0x00007ff814cf0000 - 0x00007ff814d07000 	C:\Program Files\Java\jdk-13.0.2\bin\zip.dll
0x00007ff84a470000 - 0x00007ff84a47a000 	C:\Program Files\Java\jdk-13.0.2\bin\jimage.dll
0x00007ff852c50000 - 0x00007ff853336000 	C:\Windows\System32\SHELL32.dll
0x00007ff854340000 - 0x00007ff8543e9000 	C:\Windows\System32\shcore.dll
0x00007ff851c90000 - 0x00007ff852410000 	C:\Windows\System32\windows.storage.dll
0x00007ff8519f0000 - 0x00007ff851a13000 	C:\Windows\System32\profapi.dll
0x00007ff851a40000 - 0x00007ff851a8a000 	C:\Windows\System32\powrprof.dll
0x00007ff8519e0000 - 0x00007ff8519f0000 	C:\Windows\System32\UMPDC.dll
0x00007ff854070000 - 0x00007ff8540c2000 	C:\Windows\System32\shlwapi.dll
0x00007ff852b00000 - 0x00007ff852b17000 	C:\Windows\System32\cryptsp.dll
0x00007ff84ca50000 - 0x00007ff84ca5b000 	C:\Program Files\Java\jdk-13.0.2\bin\dt_socket.dll
0x00007ff850bd0000 - 0x00007ff850c37000 	C:\Windows\system32\mswsock.dll
0x00007ff813860000 - 0x00007ff813879000 	C:\Program Files\Java\jdk-13.0.2\bin\net.dll
0x00007ff840bb0000 - 0x00007ff840ca0000 	C:\Windows\SYSTEM32\WINHTTP.dll
0x00007ff813840000 - 0x00007ff813853000 	C:\Program Files\Java\jdk-13.0.2\bin\nio.dll
0x00007ff84a440000 - 0x00007ff84a449000 	C:\Program Files\Java\jdk-13.0.2\bin\management.dll
0x00007ff8481f0000 - 0x00007ff8481fb000 	C:\Program Files\Java\jdk-13.0.2\bin\management_ext.dll
0x00007ff80e280000 - 0x00007ff80e296000 	C:\Windows\system32\napinsp.dll
0x00007ff80e260000 - 0x00007ff80e27a000 	C:\Windows\system32\pnrpnsp.dll
0x00007ff850920000 - 0x00007ff8509eb000 	C:\Windows\SYSTEM32\DNSAPI.dll
0x00007ff8544b0000 - 0x00007ff8544b8000 	C:\Windows\System32\NSI.dll
0x00007ff8508e0000 - 0x00007ff85091a000 	C:\Windows\SYSTEM32\IPHLPAPI.DLL
0x00007ff80e250000 - 0x00007ff80e25e000 	C:\Windows\System32\winrnr.dll
0x00007ff84d800000 - 0x00007ff84d81c000 	C:\Windows\system32\NLAapi.dll
0x00007ff84d050000 - 0x00007ff84d065000 	C:\Windows\system32\wshbth.dll
0x00007ff83fca0000 - 0x00007ff83fcaa000 	C:\Windows\System32\rasadhlp.dll
0x00007ff846f10000 - 0x00007ff846f87000 	C:\Windows\System32\fwpuclnt.dll
0x00007ff852680000 - 0x00007ff8526a6000 	C:\Windows\System32\bcrypt.dll

dbghelp: loaded successfully - version: 4.0.5 - missing functions: none
symbol engine: initialized successfully - sym options: 0x614 - pdb path: .;C:\Program Files\Java\jdk-13.0.2\bin;C:\Windows\SYSTEM32;C:\Windows\WinSxS\amd64_microsoft.windows.common-controls_6595b64144ccf1df_6.0.18362.900_none_e6beb9d913147d17;C:\Program Files\Java\jdk-13.0.2\bin\server

VM Arguments:
jvm_args: -agentlib:jdwp=transport=dt_socket,server=n,suspend=y,address=55230 -Dfile.encoding=windows-1252 -Duser.country=US -Duser.language=en -Duser.variant 
java_command: com.finartz.airplanereservations.demo.DemoApplication
java_class_path (initial): D:\Desktop\Finartz - Copy - Copy\AirplaneBackend\build\classes\java\main;D:\Desktop\Finartz - Copy - Copy\AirplaneBackend\build\resources\main;C:\Users\furka\.gradle\caches\modules-2\files-2.1\org.springframework.boot\spring-boot-starter-data-jpa\2.3.1.RELEASE\5531a4cbd506f13a0b4483ed73c2e75a03d8da46\spring-boot-starter-data-jpa-2.3.1.RELEASE.jar;C:\Users\furka\.gradle\caches\modules-2\files-2.1\org.springframework.boot\spring-boot-starter-web\2.3.1.RELEASE\555c4f90141cdbc7637145e413bca0d622ba6796\spring-boot-starter-web-2.3.1.RELEASE.jar;C:\Users\furka\.gradle\caches\modules-2\files-2.1\org.springframework.boot\spring-boot-starter-aop\2.3.1.RELEASE\f42e23091d29bde8d1356e45cf13ad32dae51437\spring-boot-starter-aop-2.3.1.RELEASE.jar;C:\Users\furka\.gradle\caches\modules-2\files-2.1\org.springframework.boot\spring-boot-starter-jdbc\2.3.1.RELEASE\800b64e76588ea88761ad9108cde762204805d66\spring-boot-starter-jdbc-2.3.1.RELEASE.jar;C:\Users\furka\.gradle\caches\modules-2\files-2.1\org.springframework.boot\spring-boot-starter-json\2.3.1.RELEASE\8342003919c7e5a2470072595ea190cb8a9552c0\spring-boot-starter-json-2.3.1.RELEASE.jar;C:\Users\furka\.gradle\caches\modules-2\files-2.1\org.springframework.boot\spring-boot-starter\2.3.1.RELEASE\e0d28696fea064578cb01da346232284f922eba4\spring-boot-starter-2.3.1.RELEASE.jar;C:\Users\furka\.gradle\caches\modules-2\files-2.1\org.springframework.boot\spring-boot-autoconfigure\2.3.1.RELEASE\6d679d6ba26235a0e81ca1d58f9c1024d9427411\spring-boot-autoconfigure-2.3.1.RELEASE.jar;C:\Users\furka\.gradle\caches\modules-2\files-2.1\org.springframework.boot\spring-boot\2.3.1.RELEASE\ce8d8b6838ecceb68962b975b18682f4237ccf71\spring-boot-2.3.1.RELEASE.jar;C:\Users\furka\.gradle\caches\modules-2\files-2.1\org.springframework.boot\spring-boot-starter-tomcat\2.3.1.RELEASE\5b599d0da04e724479c22daa47f9bfd62533a2e9\spring-boot-starter-tomcat-2.3.1.RELEASE.jar;C:\Users\furka\.gradle\caches\modules-2\files-2.1\org.springframework.bo
Launcher Type: SUN_STANDARD

[Global flags]
     intx CICompilerCount                          = 4                                         {product} {ergonomic}
     uint ConcGCThreads                            = 2                                         {product} {ergonomic}
     uint G1ConcRefinementThreads                  = 8                                         {product} {ergonomic}
   size_t G1HeapRegionSize                         = 1048576                                   {product} {ergonomic}
    uintx GCDrainStackTargetSize                   = 64                                        {product} {ergonomic}
   size_t InitialHeapSize                          = 201326592                                 {product} {ergonomic}
   size_t MarkStackSize                            = 4194304                                   {product} {ergonomic}
   size_t MaxHeapSize                              = 3193962496                                {product} {ergonomic}
   size_t MaxNewSize                               = 1915748352                                {product} {ergonomic}
   size_t MinHeapDeltaBytes                        = 1048576                                   {product} {ergonomic}
   size_t MinHeapSize                              = 8388608                                   {product} {ergonomic}
    uintx NonNMethodCodeHeapSize                   = 5839372                                {pd product} {ergonomic}
    uintx NonProfiledCodeHeapSize                  = 122909434                              {pd product} {ergonomic}
    uintx ProfiledCodeHeapSize                     = 122909434                              {pd product} {ergonomic}
    uintx ReservedCodeCacheSize                    = 251658240                              {pd product} {ergonomic}
     bool SegmentedCodeCache                       = true                                      {product} {ergonomic}
   size_t SoftMaxHeapSize                          = 3193962496                             {manageable} {ergonomic}
     bool UseCompressedClassPointers               = true                                 {lp64_product} {ergonomic}
     bool UseCompressedOops                        = true                                 {lp64_product} {ergonomic}
     bool UseG1GC                                  = true                                      {product} {ergonomic}
     bool UseLargePagesIndividualAllocation        = false                                  {pd product} {ergonomic}

Logging:
Log output configuration:
 #0: stdout all=warning uptime,level,tags
 #1: stderr all=off uptime,level,tags

Environment Variables:
PATH=C:\Windows\system32;C:\Windows;C:\Windows\System32\Wbem;C:\Windows\System32\WindowsPowerShell\v1.0\;C:\Windows\System32\OpenSSH\;C:\Program Files\dotnet\;C:\Program Files\Microsoft SQL Server\130\Tools\Binn\;C:\Program Files\Microsoft SQL Server\Client SDK\ODBC\170\Tools\Binn\;C:\Program Files\Microsoft SQL Server\Client SDK\ODBC\130\Tools\Binn\;C:\Program Files (x86)\Microsoft SQL Server\140\Tools\Binn\;C:\Program Files\Microsoft SQL Server\140\Tools\Binn\;C:\Program Files\Microsoft SQL Server\140\DTS\Binn\;C:\Program Files (x86)\Microsoft SQL Server\150\DTS\Binn\;C:\Program Files (x86)\Microsoft SQL Server\Client SDK\ODBC\110\Tools\Binn\;C:\Program Files (x86)\Microsoft SQL Server\120\Tools\Binn\;C:\Program Files (x86)\Microsoft SQL Server\120\DTS\Binn\;C:\Program Files (x86)\Common Files\Siemens\;C:\Program Files (x86)\Common Files\Siemens\Interfaces;C:\Program Files (x86)\Common Files\Siemens\ACE\Interfaces;C:\Program Files\Java\jdk-13.0.2\bin;C:\Program Files\Git\cmd;C:\Users\furka\AppData\Local\Microsoft\WindowsApps;
USERNAME=furka
OS=Windows_NT
PROCESSOR_IDENTIFIER=Intel64 Family 6 Model 60 Stepping 3, GenuineIntel



---------------  S Y S T E M  ---------------

OS: Windows 10 , 64 bit Build 18362 (10.0.18362.900)

CPU:total 8 (initial active 8) (4 cores per cpu, 2 threads per core) family 6 model 60 stepping 3, cmov, cx8, fxsr, mmx, sse, sse2, sse3, ssse3, sse4.1, sse4.2, popcnt, avx, avx2, aes, clmul, erms, lzcnt, ht, tsc, tscinvbit, bmi1, bmi2, fma

Memory: 4k page, system-wide physical 12177M (3036M free)
TotalPageFile size 17041M (AvailPageFile size 3070M)
current process WorkingSet (physical memory assigned to process): 250M, peak: 252M
current process commit charge ("private bytes"): 370M, peak: 372M

vm_info: Java HotSpot(TM) 64-Bit Server VM (13.0.2+8) for windows-amd64 JRE (13.0.2+8), built on Dec 11 2019 09:20:33 by "mach5one" with unknown MS VC++:1916

END.
